2025-02-24 00:24:31 INFO  Utils:112 - [TestNG] Running:
  C:\workspaces\Selenium-training\OpencartV121\grouping.xml

2025-02-24 00:28:54 INFO  Utils:112 - [TestNG] Running:
  C:\workspaces\Selenium-training\OpencartV121\grouping.xml

2025-02-24 00:29:57 INFO  Utils:112 - [TestNG] Running:
  C:\workspaces\Selenium-training\OpencartV121\grouping.xml

2025-02-24 00:31:57 INFO  Utils:112 - [TestNG] Running:
  C:\workspaces\Selenium-training\OpencartV121\grouping.xml

2025-02-24 00:32:06 INFO  TC001_AccountRegistrationTest:15 - ***** Starting TC001_AccountRegistrationTest  ****
2025-02-24 00:32:07 INFO  TC001_AccountRegistrationTest:21 - Clicked on MyAccount Link.. 
2025-02-24 00:32:08 INFO  TC001_AccountRegistrationTest:24 - Clicked on Register Link.. 
2025-02-24 00:32:08 INFO  TC001_AccountRegistrationTest:28 - Providing customer details...
2025-02-24 00:32:12 INFO  TC001_AccountRegistrationTest:42 - Validating expected message..
2025-02-24 00:32:12 INFO  TC001_AccountRegistrationTest:47 - Test passed
2025-02-24 00:32:12 INFO  TC001_AccountRegistrationTest:56 - ***** Finished TC001_AccountRegistrationTest *****
2025-02-24 00:32:22 INFO  TC002_LoginTest:17 - ****** Startign TC_002_LoginTest *****
2025-02-24 19:09:24 INFO  Utils:112 - [TestNG] Running:
  C:\workspaces\Selenium-training\OpencartV121\grid-docker.xml

2025-02-24 19:09:38 INFO  TC001_AccountRegistrationTest:15 - ***** Starting TC001_AccountRegistrationTest  ****
2025-02-24 19:09:38 INFO  TC001_AccountRegistrationTest:21 - Clicked on MyAccount Link.. 
2025-02-24 19:09:40 INFO  TC001_AccountRegistrationTest:24 - Clicked on Register Link.. 
2025-02-24 19:09:40 INFO  TC001_AccountRegistrationTest:28 - Providing customer details...
2025-02-24 19:09:43 INFO  TC001_AccountRegistrationTest:42 - Validating expected message..
2025-02-24 19:09:43 INFO  TC001_AccountRegistrationTest:47 - Test passed
2025-02-24 19:09:43 INFO  TC001_AccountRegistrationTest:56 - ***** Finished TC001_AccountRegistrationTest *****
2025-02-24 19:09:53 INFO  TC002_LoginTest:17 - ****** Startign TC_002_LoginTest *****
2025-02-24 19:11:57 INFO  TC001_AccountRegistrationTest:15 - ***** Starting TC001_AccountRegistrationTest  ****
2025-02-24 19:11:58 INFO  TC001_AccountRegistrationTest:21 - Clicked on MyAccount Link.. 
2025-02-24 19:11:59 INFO  TC001_AccountRegistrationTest:24 - Clicked on Register Link.. 
2025-02-24 19:11:59 INFO  TC001_AccountRegistrationTest:28 - Providing customer details...
2025-02-24 19:12:01 INFO  TC001_AccountRegistrationTest:42 - Validating expected message..
2025-02-24 19:12:01 INFO  TC001_AccountRegistrationTest:47 - Test passed
2025-02-24 19:12:01 INFO  TC001_AccountRegistrationTest:56 - ***** Finished TC001_AccountRegistrationTest *****
2025-02-24 19:12:09 INFO  TC002_LoginTest:17 - ****** Startign TC_002_LoginTest *****
2025-02-24 19:14:26 INFO  Utils:112 - [TestNG] Running:
  C:\workspaces\Selenium-training\OpencartV121\grid-docker.xml

2025-02-24 19:14:33 INFO  TC001_AccountRegistrationTest:15 - ***** Starting TC001_AccountRegistrationTest  ****
2025-02-24 19:14:33 INFO  TC001_AccountRegistrationTest:21 - Clicked on MyAccount Link.. 
2025-02-24 19:14:35 INFO  TC001_AccountRegistrationTest:24 - Clicked on Register Link.. 
2025-02-24 19:14:35 INFO  TC001_AccountRegistrationTest:28 - Providing customer details...
2025-02-24 19:14:37 INFO  TC001_AccountRegistrationTest:42 - Validating expected message..
2025-02-24 19:14:37 INFO  TC001_AccountRegistrationTest:47 - Test passed
2025-02-24 19:14:37 INFO  TC001_AccountRegistrationTest:56 - ***** Finished TC001_AccountRegistrationTest *****
2025-02-24 19:14:44 INFO  TC002_LoginTest:17 - ****** Startign TC_002_LoginTest *****
2025-02-24 19:15:09 INFO  TC001_AccountRegistrationTest:15 - ***** Starting TC001_AccountRegistrationTest  ****
2025-02-24 19:15:09 INFO  TC001_AccountRegistrationTest:21 - Clicked on MyAccount Link.. 
2025-02-24 19:15:11 INFO  TC001_AccountRegistrationTest:24 - Clicked on Register Link.. 
2025-02-24 19:15:11 INFO  TC001_AccountRegistrationTest:28 - Providing customer details...
2025-02-24 19:15:14 INFO  TC001_AccountRegistrationTest:42 - Validating expected message..
2025-02-24 19:15:14 INFO  TC001_AccountRegistrationTest:47 - Test passed
2025-02-24 19:15:14 INFO  TC001_AccountRegistrationTest:56 - ***** Finished TC001_AccountRegistrationTest *****
2025-02-24 19:15:27 INFO  TC002_LoginTest:17 - ****** Startign TC_002_LoginTest *****
